<?xml version="1.0"?>
<testsuite name="Chrome Headless 83.0.4103.97 (Linux x86_64)" package="" timestamp="2020-06-14T20:40:26" id="0" hostname="xox-VPCEH26EF" tests="6" errors="0" failures="0" time="0.444">
  <properties>
    <property name="browser.fullName" value="Mozilla/5.0 (X11; Linux x86_64) AppleWebKit/537.36 (KHTML, like Gecko) HeadlessChrome/83.0.4103.97 Safari/537.36"/>
  </properties>
  <testcase name="AppComponent should render title" time="0.287" classname="AppComponent"/>
  <testcase name="AppComponent should containe at least a content div" time="0.043" classname="AppComponent"/>
  <testcase name="AppComponent should containe a single footer" time="0.029" classname="AppComponent"/>
  <testcase name="AppComponent should have Resources h2 tag" time="0.027" classname="AppComponent"/>
  <testcase name="AppComponent should have as title 'test'" time="0.028" classname="AppComponent"/>
  <testcase name="AppComponent should create the app" time="0.03" classname="AppComponent"/>
  <system-out>
    <![CDATA[
]]>
  </system-out>
  <system-err/>
</testsuite>