<?xml version="1.0"?>
<testsuite name="Chrome 83.0.4103.97 (Linux x86_64)" package="" timestamp="2020-06-13T13:39:39" id="0" hostname="xox-VPCEH26EF" tests="6" errors="0" failures="0" time="0.583">
  <properties>
    <property name="browser.fullName" value="Mozilla/5.0 (X11; Linux x86_64) AppleWebKit/537.36 (KHTML, like Gecko) Chrome/83.0.4103.97 Safari/537.36"/>
  </properties>
  <testcase name="AppComponent should containe a single footer" time="0.37" classname="AppComponent"/>
  <testcase name="AppComponent should containe at least a content div" time="0.058" classname="AppComponent"/>
  <testcase name="AppComponent should have Resources h2 tag" time="0.04" classname="AppComponent"/>
  <testcase name="AppComponent should create the app" time="0.034" classname="AppComponent"/>
  <testcase name="AppComponent should render title" time="0.044" classname="AppComponent"/>
  <testcase name="AppComponent should have as title 'test'" time="0.037" classname="AppComponent"/>
  <system-out>
    <![CDATA[
]]>
  </system-out>
  <system-err/>
</testsuite>